Build started 3/8/2017 6:52:25 PM.
     1>Project "C:\Users\narendra\documents\visual studio 2010\Projects\Nu_Multibeam\Nu_Multibeam\Nu_Multibeam.vcxproj" on node 2 (build target(s)).
     1>PrepareForBuild:
         Creating directory "C:\Users\narendra\documents\visual studio 2010\Projects\Nu_Multibeam\Release\".
       InitializeBuildStatus:
         Creating "Release\Nu_Multibeam.unsuccessfulbuild" because "AlwaysCreate" was specified.
       ClCompile:
         c:\Program Files (x86)\Microsoft Visual Studio 10.0\VC\bin\CL.exe /c /Zi /nologo /W3 /WX- /O2 /Oi /Oy- /GL /D WIN32 /D NDEBUG /D _CONSOLE /D _UNICODE /D UNICODE /Gm- /EHsc /MD /GS /Gy /fp:precise /Zc:wchar_t /Zc:forScope /Fo"Release\\" /Fd"Release\vc100.pdb" /Gd /TP /analyze- /errorReport:prompt AC.cpp ClassDecoder.cpp ClassEncoder.cpp ClassPNG.cpp EndPoints.cpp Main.cpp
         AC.cpp
         ClassDecoder.cpp
     1>c:\users\narendra\documents\visual studio 2010\projects\nu_multibeam\nu_multibeam\ClassPNG.h(21): fatal error C1083: Cannot open include file: 'png.h': No such file or directory
         ClassEncoder.cpp
     1>c:\users\narendra\documents\visual studio 2010\projects\nu_multibeam\nu_multibeam\ClassPNG.h(21): fatal error C1083: Cannot open include file: 'png.h': No such file or directory
         ClassPNG.cpp
     1>c:\users\narendra\documents\visual studio 2010\projects\nu_multibeam\nu_multibeam\ClassPNG.h(21): fatal error C1083: Cannot open include file: 'png.h': No such file or directory
         EndPoints.cpp
     1>c:\users\narendra\documents\visual studio 2010\projects\nu_multibeam\nu_multibeam\ClassPNG.h(21): fatal error C1083: Cannot open include file: 'png.h': No such file or directory
         Main.cpp
     1>c:\users\narendra\documents\visual studio 2010\projects\nu_multibeam\nu_multibeam\ClassPNG.h(21): fatal error C1083: Cannot open include file: 'png.h': No such file or directory
     1>Done Building Project "C:\Users\narendra\documents\visual studio 2010\Projects\Nu_Multibeam\Nu_Multibeam\Nu_Multibeam.vcxproj" (build target(s)) -- FAILED.

Build FAILED.

Time Elapsed 00:00:01.67
